<?xml version="1.0" encoding="UTF-8"?>
<!-- Generated by org.testng.reporters.JUnitXMLReporter -->
<testsuite hostname="NSWSYDNLP130" name="Default test" tests="8" failures="0" timestamp="21 May 2019 04:07:58 GMT" time="34.069" errors="0">
  <testcase name="clickonAddCustomer" time="4.746" classname="com.webapp.bankapp.test.HomePageTest"/>
  <testcase name="newcustomerdata" time="2.473" classname="com.webapp.bankapp.test.HomePageTest"/>
  <testcase name="newcustomerdata" time="2.724" classname="com.webapp.bankapp.test.HomePageTest"/>
  <testcase name="newcustomerdata" time="2.445" classname="com.webapp.bankapp.test.HomePageTest"/>
  <testcase name="newcustomerdata" time="2.35" classname="com.webapp.bankapp.test.HomePageTest"/>
  <testcase name="newcustomerdata" time="2.31" classname="com.webapp.bankapp.test.HomePageTest"/>
  <testcase name="newcustomerdata" time="2.757" classname="com.webapp.bankapp.test.HomePageTest"/>
  <testcase name="newcustomerdata" time="2.418" classname="com.webapp.bankapp.test.HomePageTest"/>
</testsuite> <!-- Default test -->
