<?xml version="1.0" encoding="UTF-8"?>
<!-- Generated by org.testng.reporters.JUnitXMLReporter -->
<testsuite hostname="NSWSYDNLP130" name="Test" tests="8" failures="0" timestamp="20 May 2019 02:00:05 GMT" time="43.045" errors="0">
  <testcase name="clickonAddCustomer" time="6.405" classname="com.webapp.bankapp.test.HomePageTest"/>
  <testcase name="newcustomerdata" time="3.771" classname="com.webapp.bankapp.test.HomePageTest"/>
  <testcase name="newcustomerdata" time="3.168" classname="com.webapp.bankapp.test.HomePageTest"/>
  <testcase name="newcustomerdata" time="3.058" classname="com.webapp.bankapp.test.HomePageTest"/>
  <testcase name="newcustomerdata" time="3.09" classname="com.webapp.bankapp.test.HomePageTest"/>
  <testcase name="newcustomerdata" time="2.962" classname="com.webapp.bankapp.test.HomePageTest"/>
  <testcase name="newcustomerdata" time="3.202" classname="com.webapp.bankapp.test.HomePageTest"/>
  <testcase name="newcustomerdata" time="3.046" classname="com.webapp.bankapp.test.HomePageTest"/>
</testsuite> <!-- Test -->
