<?xml version="1.0" encoding="UTF-8"?>
<!-- Generated by org.testng.reporters.JUnitXMLReporter -->
<testsuite hostname="NSWSYDNLP130" name="Test" tests="2" failures="0" timestamp="17 May 2019 05:16:02 GMT" time="95.727" errors="0">
  <testcase name="clickonAddCustomer" time="18.19" classname="com.webapp.bankapp.test.HomePageTest"/>
  <testcase name="newcustomerdata" time="3.745" classname="com.webapp.bankapp.test.HomePageTest">
    <skipped/>
  </testcase> <!-- newcustomerdata -->
</testsuite> <!-- Test -->
