<?xml version="1.0" encoding="UTF-8"?>
<testng-results skipped="0" failed="0" total="8" passed="8">
  <reporter-output>
  </reporter-output>
  <suite name="Suite" duration-ms="43045" started-at="2019-05-20T01:59:22Z" finished-at="2019-05-20T02:00:05Z">
    <groups>
    </groups>
    <test name="Test" duration-ms="43045" started-at="2019-05-20T01:59:22Z" finished-at="2019-05-20T02:00:05Z">
      <class name="com.webapp.bankapp.test.HomePageTest">
        <test-method status="PASS" signature="Setup()[pri:0, instance:com.webapp.bankapp.test.HomePageTest@1753acfe]" name="Setup" is-config="true" duration-ms="13035" started-at="2019-05-20T11:59:22Z" finished-at="2019-05-20T11:59:35Z">
          <reporter-output>
          </reporter-output>
        </test-method> <!-- Setup -->
        <test-method status="PASS" signature="clickonAddCustomer()[pri:0, instance:com.webapp.bankapp.test.HomePageTest@1753acfe]" name="clickonAddCustomer" duration-ms="6405" started-at="2019-05-20T11:59:35Z" finished-at="2019-05-20T11:59:42Z">
          <reporter-output>
          </reporter-output>
        </test-method> <!-- clickonAddCustomer -->
        <test-method status="PASS" signature="newcustomerdata(java.lang.String, java.lang.String, java.lang.String, java.lang.String, java.lang.String, java.lang.String, java.lang.String, java.lang.String, java.lang.String)[pri:0, instance:com.webapp.bankapp.test.HomePageTest@1753acfe]" name="newcustomerdata" duration-ms="3771" started-at="2019-05-20T11:59:43Z" data-provider="getcustdata" finished-at="2019-05-20T11:59:47Z">
          <params>
            <param index="0">
              <value>
                <![CDATA[Testone]]>
              </value>
            </param>
            <param index="1">
              <value>
                <![CDATA[Male]]>
              </value>
            </param>
            <param index="2">
              <value>
                <![CDATA[20/91/85]]>
              </value>
            </param>
            <param index="3">
              <value>
                <![CDATA[unit 12 gwh]]>
              </value>
            </param>
            <param index="4">
              <value>
                <![CDATA[Wentwothville]]>
              </value>
            </param>
            <param index="5">
              <value>
                <![CDATA[NSW]]>
              </value>
            </param>
            <param index="6">
              <value>
                <![CDATA[214515.0]]>
              </value>
            </param>
            <param index="7">
              <value>
                <![CDATA[3.1548794E7]]>
              </value>
            </param>
            <param index="8">
              <value>
                <![CDATA[Testone@gmail.com]]>
              </value>
            </param>
          </params>
          <reporter-output>
          </reporter-output>
        </test-method> <!-- newcustomerdata -->
        <test-method status="PASS" signature="newcustomerdata(java.lang.String, java.lang.String, java.lang.String, java.lang.String, java.lang.String, java.lang.String, java.lang.String, java.lang.String, java.lang.String)[pri:0, instance:com.webapp.bankapp.test.HomePageTest@1753acfe]" name="newcustomerdata" duration-ms="3168" started-at="2019-05-20T11:59:47Z" data-provider="getcustdata" finished-at="2019-05-20T11:59:50Z">
          <params>
            <param index="0">
              <value>
                <![CDATA[TestTwo]]>
              </value>
            </param>
            <param index="1">
              <value>
                <![CDATA[Female]]>
              </value>
            </param>
            <param index="2">
              <value>
                <![CDATA[12/111/00]]>
              </value>
            </param>
            <param index="3">
              <value>
                <![CDATA[unit12 gter]]>
              </value>
            </param>
            <param index="4">
              <value>
                <![CDATA[Wynyard]]>
              </value>
            </param>
            <param index="5">
              <value>
                <![CDATA[NSW]]>
              </value>
            </param>
            <param index="6">
              <value>
                <![CDATA[220120.0]]>
              </value>
            </param>
            <param index="7">
              <value>
                <![CDATA[5.2188454E7]]>
              </value>
            </param>
            <param index="8">
              <value>
                <![CDATA[Testtwo@gmail.com]]>
              </value>
            </param>
          </params>
          <reporter-output>
          </reporter-output>
        </test-method> <!-- newcustomerdata -->
        <test-method status="PASS" signature="newcustomerdata(java.lang.String, java.lang.String, java.lang.String, java.lang.String, java.lang.String, java.lang.String, java.lang.String, java.lang.String, java.lang.String)[pri:0, instance:com.webapp.bankapp.test.HomePageTest@1753acfe]" name="newcustomerdata" duration-ms="3058" started-at="2019-05-20T11:59:50Z" data-provider="getcustdata" finished-at="2019-05-20T11:59:53Z">
          <params>
            <param index="0">
              <value>
                <![CDATA[TestThree]]>
              </value>
            </param>
            <param index="1">
              <value>
                <![CDATA[Male]]>
              </value>
            </param>
            <param index="2">
              <value>
                <![CDATA[3/41/89]]>
              </value>
            </param>
            <param index="3">
              <value>
                <![CDATA[unit 123 abcd]]>
              </value>
            </param>
            <param index="4">
              <value>
                <![CDATA[TownHall]]>
              </value>
            </param>
            <param index="5">
              <value>
                <![CDATA[NSW]]>
              </value>
            </param>
            <param index="6">
              <value>
                <![CDATA[121245.0]]>
              </value>
            </param>
            <param index="7">
              <value>
                <![CDATA[5.2154578E7]]>
              </value>
            </param>
            <param index="8">
              <value>
                <![CDATA[testthree@gmail.com]]>
              </value>
            </param>
          </params>
          <reporter-output>
          </reporter-output>
        </test-method> <!-- newcustomerdata -->
        <test-method status="PASS" signature="newcustomerdata(java.lang.String, java.lang.String, java.lang.String, java.lang.String, java.lang.String, java.lang.String, java.lang.String, java.lang.String, java.lang.String)[pri:0, instance:com.webapp.bankapp.test.HomePageTest@1753acfe]" name="newcustomerdata" duration-ms="3090" started-at="2019-05-20T11:59:53Z" data-provider="getcustdata" finished-at="2019-05-20T11:59:56Z">
          <params>
            <param index="0">
              <value>
                <![CDATA[TestFour]]>
              </value>
            </param>
            <param index="1">
              <value>
                <![CDATA[Female]]>
              </value>
            </param>
            <param index="2">
              <value>
                <![CDATA[22/51/88]]>
              </value>
            </param>
            <param index="3">
              <value>
                <![CDATA[unit 124 badcs]]>
              </value>
            </param>
            <param index="4">
              <value>
                <![CDATA[Central]]>
              </value>
            </param>
            <param index="5">
              <value>
                <![CDATA[NSW]]>
              </value>
            </param>
            <param index="6">
              <value>
                <![CDATA[214587.0]]>
              </value>
            </param>
            <param index="7">
              <value>
                <![CDATA[4.2154878E7]]>
              </value>
            </param>
            <param index="8">
              <value>
                <![CDATA[testfour@gmail.com]]>
              </value>
            </param>
          </params>
          <reporter-output>
          </reporter-output>
        </test-method> <!-- newcustomerdata -->
        <test-method status="PASS" signature="newcustomerdata(java.lang.String, java.lang.String, java.lang.String, java.lang.String, java.lang.String, java.lang.String, java.lang.String, java.lang.String, java.lang.String)[pri:0, instance:com.webapp.bankapp.test.HomePageTest@1753acfe]" name="newcustomerdata" duration-ms="2962" started-at="2019-05-20T11:59:56Z" data-provider="getcustdata" finished-at="2019-05-20T11:59:59Z">
          <params>
            <param index="0">
              <value>
                <![CDATA[TestFive]]>
              </value>
            </param>
            <param index="1">
              <value>
                <![CDATA[Male]]>
              </value>
            </param>
            <param index="2">
              <value>
                <![CDATA[23/91/78]]>
              </value>
            </param>
            <param index="3">
              <value>
                <![CDATA[unit 9989 zxcv]]>
              </value>
            </param>
            <param index="4">
              <value>
                <![CDATA[Clyde]]>
              </value>
            </param>
            <param index="5">
              <value>
                <![CDATA[NSW]]>
              </value>
            </param>
            <param index="6">
              <value>
                <![CDATA[234548.0]]>
              </value>
            </param>
            <param index="7">
              <value>
                <![CDATA[3.2154878E7]]>
              </value>
            </param>
            <param index="8">
              <value>
                <![CDATA[testfive@gmail.com]]>
              </value>
            </param>
          </params>
          <reporter-output>
          </reporter-output>
        </test-method> <!-- newcustomerdata -->
        <test-method status="PASS" signature="newcustomerdata(java.lang.String, java.lang.String, java.lang.String, java.lang.String, java.lang.String, java.lang.String, java.lang.String, java.lang.String, java.lang.String)[pri:0, instance:com.webapp.bankapp.test.HomePageTest@1753acfe]" name="newcustomerdata" duration-ms="3202" started-at="2019-05-20T11:59:59Z" data-provider="getcustdata" finished-at="2019-05-20T12:00:02Z">
          <params>
            <param index="0">
              <value>
                <![CDATA[TestSix]]>
              </value>
            </param>
            <param index="1">
              <value>
                <![CDATA[Male]]>
              </value>
            </param>
            <param index="2">
              <value>
                <![CDATA[22/101/88]]>
              </value>
            </param>
            <param index="3">
              <value>
                <![CDATA[unit 6573 nbiyd]]>
              </value>
            </param>
            <param index="4">
              <value>
                <![CDATA[Paramatta]]>
              </value>
            </param>
            <param index="5">
              <value>
                <![CDATA[NSW]]>
              </value>
            </param>
            <param index="6">
              <value>
                <![CDATA[235688.0]]>
              </value>
            </param>
            <param index="7">
              <value>
                <![CDATA[1.4548779E7]]>
              </value>
            </param>
            <param index="8">
              <value>
                <![CDATA[testsix@gmail.com]]>
              </value>
            </param>
          </params>
          <reporter-output>
          </reporter-output>
        </test-method> <!-- newcustomerdata -->
        <test-method status="PASS" signature="newcustomerdata(java.lang.String, java.lang.String, java.lang.String, java.lang.String, java.lang.String, java.lang.String, java.lang.String, java.lang.String, java.lang.String)[pri:0, instance:com.webapp.bankapp.test.HomePageTest@1753acfe]" name="newcustomerdata" duration-ms="3046" started-at="2019-05-20T12:00:02Z" data-provider="getcustdata" finished-at="2019-05-20T12:00:05Z">
          <params>
            <param index="0">
              <value>
                <![CDATA[TestSeven]]>
              </value>
            </param>
            <param index="1">
              <value>
                <![CDATA[Female]]>
              </value>
            </param>
            <param index="2">
              <value>
                <![CDATA[22/91/74]]>
              </value>
            </param>
            <param index="3">
              <value>
                <![CDATA[unit 678 ngyae]]>
              </value>
            </param>
            <param index="4">
              <value>
                <![CDATA[Blacktown]]>
              </value>
            </param>
            <param index="5">
              <value>
                <![CDATA[NSW]]>
              </value>
            </param>
            <param index="6">
              <value>
                <![CDATA[236687.0]]>
              </value>
            </param>
            <param index="7">
              <value>
                <![CDATA[1.2154574E7]]>
              </value>
            </param>
            <param index="8">
              <value>
                <![CDATA[Testseven@gmail.com]]>
              </value>
            </param>
          </params>
          <reporter-output>
          </reporter-output>
        </test-method> <!-- newcustomerdata -->
        <test-method status="PASS" signature="cleanUp()[pri:0, instance:com.webapp.bankapp.test.HomePageTest@1753acfe]" name="cleanUp" is-config="true" duration-ms="1017" started-at="2019-05-20T12:00:06Z" finished-at="2019-05-20T12:00:07Z">
          <reporter-output>
          </reporter-output>
        </test-method> <!-- cleanUp -->
      </class> <!-- com.webapp.bankapp.test.HomePageTest -->
    </test> <!-- Test -->
  </suite> <!-- Suite -->
</testng-results>
