<?xml version="1.0" encoding="UTF-8"?>
<testng-results skipped="0" failed="0" total="8" passed="8">
  <reporter-output>
  </reporter-output>
  <suite name="Default suite" duration-ms="34069" started-at="2019-05-21T04:07:24Z" finished-at="2019-05-21T04:07:58Z">
    <groups>
    </groups>
    <test name="Default test" duration-ms="34069" started-at="2019-05-21T04:07:24Z" finished-at="2019-05-21T04:07:58Z">
      <class name="com.webapp.bankapp.test.HomePageTest">
        <test-method status="PASS" signature="Setup()[pri:0, instance:com.webapp.bankapp.test.HomePageTest@2a2d45ba]" name="Setup" is-config="true" duration-ms="9698" started-at="2019-05-21T14:07:24Z" finished-at="2019-05-21T14:07:34Z">
          <reporter-output>
          </reporter-output>
        </test-method> <!-- Setup -->
        <test-method status="PASS" signature="clickonAddCustomer()[pri:0, instance:com.webapp.bankapp.test.HomePageTest@2a2d45ba]" name="clickonAddCustomer" duration-ms="4746" started-at="2019-05-21T14:07:34Z" finished-at="2019-05-21T14:07:39Z">
          <reporter-output>
          </reporter-output>
        </test-method> <!-- clickonAddCustomer -->
        <test-method status="PASS" signature="newcustomerdata(java.lang.String, java.lang.String, java.lang.String, java.lang.String, java.lang.String, java.lang.String, java.lang.String, java.lang.String, java.lang.String)[pri:0, instance:com.webapp.bankapp.test.HomePageTest@2a2d45ba]" name="newcustomerdata" duration-ms="2473" started-at="2019-05-21T14:07:40Z" data-provider="getcustdata" finished-at="2019-05-21T14:07:42Z">
          <params>
            <param index="0">
              <value>
                <![CDATA[Testone]]>
              </value>
            </param>
            <param index="1">
              <value>
                <![CDATA[Male]]>
              </value>
            </param>
            <param index="2">
              <value>
                <![CDATA[20/10/1985]]>
              </value>
            </param>
            <param index="3">
              <value>
                <![CDATA[unit 12 gwh]]>
              </value>
            </param>
            <param index="4">
              <value>
                <![CDATA[Wentwothville]]>
              </value>
            </param>
            <param index="5">
              <value>
                <![CDATA[NSW]]>
              </value>
            </param>
            <param index="6">
              <value>
                <![CDATA[214515]]>
              </value>
            </param>
            <param index="7">
              <value>
                <![CDATA[31548794]]>
              </value>
            </param>
            <param index="8">
              <value>
                <![CDATA[Testone@gmail.com]]>
              </value>
            </param>
          </params>
          <reporter-output>
          </reporter-output>
        </test-method> <!-- newcustomerdata -->
        <test-method status="PASS" signature="newcustomerdata(java.lang.String, java.lang.String, java.lang.String, java.lang.String, java.lang.String, java.lang.String, java.lang.String, java.lang.String, java.lang.String)[pri:0, instance:com.webapp.bankapp.test.HomePageTest@2a2d45ba]" name="newcustomerdata" duration-ms="2724" started-at="2019-05-21T14:07:42Z" data-provider="getcustdata" finished-at="2019-05-21T14:07:45Z">
          <params>
            <param index="0">
              <value>
                <![CDATA[TestTwo]]>
              </value>
            </param>
            <param index="1">
              <value>
                <![CDATA[Female]]>
              </value>
            </param>
            <param index="2">
              <value>
                <![CDATA[12/12/2000]]>
              </value>
            </param>
            <param index="3">
              <value>
                <![CDATA[unit12 gter]]>
              </value>
            </param>
            <param index="4">
              <value>
                <![CDATA[Wynyard]]>
              </value>
            </param>
            <param index="5">
              <value>
                <![CDATA[NSW]]>
              </value>
            </param>
            <param index="6">
              <value>
                <![CDATA[220120]]>
              </value>
            </param>
            <param index="7">
              <value>
                <![CDATA[52188454]]>
              </value>
            </param>
            <param index="8">
              <value>
                <![CDATA[Testtwo@gmail.com]]>
              </value>
            </param>
          </params>
          <reporter-output>
          </reporter-output>
        </test-method> <!-- newcustomerdata -->
        <test-method status="PASS" signature="newcustomerdata(java.lang.String, java.lang.String, java.lang.String, java.lang.String, java.lang.String, java.lang.String, java.lang.String, java.lang.String, java.lang.String)[pri:0, instance:com.webapp.bankapp.test.HomePageTest@2a2d45ba]" name="newcustomerdata" duration-ms="2445" started-at="2019-05-21T14:07:45Z" data-provider="getcustdata" finished-at="2019-05-21T14:07:48Z">
          <params>
            <param index="0">
              <value>
                <![CDATA[TestThree]]>
              </value>
            </param>
            <param index="1">
              <value>
                <![CDATA[Male]]>
              </value>
            </param>
            <param index="2">
              <value>
                <![CDATA[03/05/1989]]>
              </value>
            </param>
            <param index="3">
              <value>
                <![CDATA[unit 123 abcd]]>
              </value>
            </param>
            <param index="4">
              <value>
                <![CDATA[TownHall]]>
              </value>
            </param>
            <param index="5">
              <value>
                <![CDATA[NSW]]>
              </value>
            </param>
            <param index="6">
              <value>
                <![CDATA[121245]]>
              </value>
            </param>
            <param index="7">
              <value>
                <![CDATA[52154578]]>
              </value>
            </param>
            <param index="8">
              <value>
                <![CDATA[testthree@gmail.com]]>
              </value>
            </param>
          </params>
          <reporter-output>
          </reporter-output>
        </test-method> <!-- newcustomerdata -->
        <test-method status="PASS" signature="newcustomerdata(java.lang.String, java.lang.String, java.lang.String, java.lang.String, java.lang.String, java.lang.String, java.lang.String, java.lang.String, java.lang.String)[pri:0, instance:com.webapp.bankapp.test.HomePageTest@2a2d45ba]" name="newcustomerdata" duration-ms="2350" started-at="2019-05-21T14:07:48Z" data-provider="getcustdata" finished-at="2019-05-21T14:07:50Z">
          <params>
            <param index="0">
              <value>
                <![CDATA[TestFour]]>
              </value>
            </param>
            <param index="1">
              <value>
                <![CDATA[Female]]>
              </value>
            </param>
            <param index="2">
              <value>
                <![CDATA[22/06/1988]]>
              </value>
            </param>
            <param index="3">
              <value>
                <![CDATA[unit 124 badcs]]>
              </value>
            </param>
            <param index="4">
              <value>
                <![CDATA[Central]]>
              </value>
            </param>
            <param index="5">
              <value>
                <![CDATA[NSW]]>
              </value>
            </param>
            <param index="6">
              <value>
                <![CDATA[214587]]>
              </value>
            </param>
            <param index="7">
              <value>
                <![CDATA[42154878]]>
              </value>
            </param>
            <param index="8">
              <value>
                <![CDATA[testfour@gmail.com]]>
              </value>
            </param>
          </params>
          <reporter-output>
          </reporter-output>
        </test-method> <!-- newcustomerdata -->
        <test-method status="PASS" signature="newcustomerdata(java.lang.String, java.lang.String, java.lang.String, java.lang.String, java.lang.String, java.lang.String, java.lang.String, java.lang.String, java.lang.String)[pri:0, instance:com.webapp.bankapp.test.HomePageTest@2a2d45ba]" name="newcustomerdata" duration-ms="2310" started-at="2019-05-21T14:07:50Z" data-provider="getcustdata" finished-at="2019-05-21T14:07:52Z">
          <params>
            <param index="0">
              <value>
                <![CDATA[TestFive]]>
              </value>
            </param>
            <param index="1">
              <value>
                <![CDATA[Male]]>
              </value>
            </param>
            <param index="2">
              <value>
                <![CDATA[23/10/1978]]>
              </value>
            </param>
            <param index="3">
              <value>
                <![CDATA[unit 9989 zxcv]]>
              </value>
            </param>
            <param index="4">
              <value>
                <![CDATA[Clyde]]>
              </value>
            </param>
            <param index="5">
              <value>
                <![CDATA[NSW]]>
              </value>
            </param>
            <param index="6">
              <value>
                <![CDATA[234548]]>
              </value>
            </param>
            <param index="7">
              <value>
                <![CDATA[32154878]]>
              </value>
            </param>
            <param index="8">
              <value>
                <![CDATA[testfive@gmail.com]]>
              </value>
            </param>
          </params>
          <reporter-output>
          </reporter-output>
        </test-method> <!-- newcustomerdata -->
        <test-method status="PASS" signature="newcustomerdata(java.lang.String, java.lang.String, java.lang.String, java.lang.String, java.lang.String, java.lang.String, java.lang.String, java.lang.String, java.lang.String)[pri:0, instance:com.webapp.bankapp.test.HomePageTest@2a2d45ba]" name="newcustomerdata" duration-ms="2757" started-at="2019-05-21T14:07:52Z" data-provider="getcustdata" finished-at="2019-05-21T14:07:55Z">
          <params>
            <param index="0">
              <value>
                <![CDATA[TestSix]]>
              </value>
            </param>
            <param index="1">
              <value>
                <![CDATA[Male]]>
              </value>
            </param>
            <param index="2">
              <value>
                <![CDATA[22/11/1988]]>
              </value>
            </param>
            <param index="3">
              <value>
                <![CDATA[unit 6573 nbiyd]]>
              </value>
            </param>
            <param index="4">
              <value>
                <![CDATA[Paramatta]]>
              </value>
            </param>
            <param index="5">
              <value>
                <![CDATA[NSW]]>
              </value>
            </param>
            <param index="6">
              <value>
                <![CDATA[235688]]>
              </value>
            </param>
            <param index="7">
              <value>
                <![CDATA[14548779]]>
              </value>
            </param>
            <param index="8">
              <value>
                <![CDATA[testsix@gmail.com]]>
              </value>
            </param>
          </params>
          <reporter-output>
          </reporter-output>
        </test-method> <!-- newcustomerdata -->
        <test-method status="PASS" signature="newcustomerdata(java.lang.String, java.lang.String, java.lang.String, java.lang.String, java.lang.String, java.lang.String, java.lang.String, java.lang.String, java.lang.String)[pri:0, instance:com.webapp.bankapp.test.HomePageTest@2a2d45ba]" name="newcustomerdata" duration-ms="2418" started-at="2019-05-21T14:07:55Z" data-provider="getcustdata" finished-at="2019-05-21T14:07:57Z">
          <params>
            <param index="0">
              <value>
                <![CDATA[TestSeven]]>
              </value>
            </param>
            <param index="1">
              <value>
                <![CDATA[Female]]>
              </value>
            </param>
            <param index="2">
              <value>
                <![CDATA[22/10/1974]]>
              </value>
            </param>
            <param index="3">
              <value>
                <![CDATA[unit 678 ngyae]]>
              </value>
            </param>
            <param index="4">
              <value>
                <![CDATA[Blacktown]]>
              </value>
            </param>
            <param index="5">
              <value>
                <![CDATA[NSW]]>
              </value>
            </param>
            <param index="6">
              <value>
                <![CDATA[236687]]>
              </value>
            </param>
            <param index="7">
              <value>
                <![CDATA[12154574]]>
              </value>
            </param>
            <param index="8">
              <value>
                <![CDATA[Testseven@gmail.com]]>
              </value>
            </param>
          </params>
          <reporter-output>
          </reporter-output>
        </test-method> <!-- newcustomerdata -->
        <test-method status="PASS" signature="cleanUp()[pri:0, instance:com.webapp.bankapp.test.HomePageTest@2a2d45ba]" name="cleanUp" is-config="true" duration-ms="854" started-at="2019-05-21T14:07:57Z" finished-at="2019-05-21T14:07:58Z">
          <reporter-output>
          </reporter-output>
        </test-method> <!-- cleanUp -->
      </class> <!-- com.webapp.bankapp.test.HomePageTest -->
    </test> <!-- Default test -->
  </suite> <!-- Default suite -->
</testng-results>
